
> seo-meta-preview-scorer@0.1.0 build
> next build

   ▲ Next.js 15.5.14
   - Experiments (use with caution):
     · optimizePackageImports

   Creating an optimized production build ...
 ✓ Compiled successfully in 5.9s
   Linting and checking validity of types ...
   Collecting page data ...
   Generating static pages (0/7) ...
   Generating static pages (1/7) 
 ⚠ metadataBase property in metadata export is not set for resolving social open graph or twitter images, using "http://localhost:3000". See https://nextjs.org/docs/app/api-reference/functions/generate-metadata#metadatabase
   Generating static pages (3/7) 
   Generating static pages (5/7) 
 ✓ Generating static pages (7/7)
   Finalizing page optimization ...
   Collecting build traces ...

Route (app)                                 Size  First Load JS
┌ ○ /                                    6.89 kB         160 kB
├ ○ /_not-found                            994 B         103 kB
├ ƒ /api/fetch-meta                        130 B         102 kB
├ ƒ /api/og                                130 B         102 kB
├ ƒ /embed                                 966 B         154 kB
└ ƒ /widget                                130 B         102 kB
+ First Load JS shared by all             102 kB
  ├ chunks/255-38b49df12a94ee57.js         46 kB
  ├ chunks/4bd1b696-c023c6e3521b1417.js  54.2 kB
  └ other shared chunks (total)          2.01 kB


○  (Static)   prerendered as static content
ƒ  (Dynamic)  server-rendered on demand

